<?xml version="1.0" encoding="utf-8"?><testsuites name="pytest tests"><testsuite name="pytest" errors="0" failures="1" skipped="0" tests="20" time="3.066" timestamp="2026-04-19T06:55:13.990022+00:00" hostname="agent-env-b8fee23f-2caf-4675-a12b-36378854021a"><testcase classname="backend.tests.backend_test.TestRoot" name="test_root_returns_zenith_message" time="0.194" /><testcase classname="backend.tests.backend_test.TestTasksCRUD" name="test_create_task_persists_and_returns_fields" time="0.186" /><testcase classname="backend.tests.backend_test.TestTasksCRUD" name="test_create_task_stone_volume_30" time="0.132" /><testcase classname="backend.tests.backend_test.TestTasksCRUD" name="test_create_task_sand_volume_5" time="0.131" /><testcase classname="backend.tests.backend_test.TestTasksCRUD" name="test_get_tasks_returns_list" time="0.091" /><testcase classname="backend.tests.backend_test.TestTasksCRUD" name="test_delete_task" time="0.189" /><testcase classname="backend.tests.backend_test.TestTasksCRUD" name="test_delete_nonexistent_returns_404" time="0.085" /><testcase classname="backend.tests.backend_test.TestJarCapacity" name="test_jar_overflow_returns_400" time="0.180"><failure message="AssertionError: {&quot;detail&quot;:&quot;Jar is full! Remove or ship existing tasks first.&quot;}&#10;assert 400 == 200&#10; +  where 400 = &lt;Response [400]&gt;.status_code">backend/tests/backend_test.py:123: in test_jar_overflow_returns_400
    assert r.status_code == 200, r.text
E   AssertionError: {"detail":"Jar is full! Remove or ship existing tasks first."}
E   assert 400 == 200
E    +  where 400 = &lt;Response [400]&gt;.status_code</failure></testcase><testcase classname="backend.tests.backend_test.TestShipTask" name="test_ship_updates_session_score_and_fuel" time="0.262" /><testcase classname="backend.tests.backend_test.TestShipTask" name="test_double_ship_returns_404" time="0.263" /><testcase classname="backend.tests.backend_test.TestSession" name="test_get_session_returns_structure" time="0.129" /><testcase classname="backend.tests.backend_test.TestSession" name="test_save_day_creates_replay" time="0.134" /><testcase classname="backend.tests.backend_test.TestReplays" name="test_get_replays_no_objectid" time="0.088" /><testcase classname="backend.tests.backend_test.TestStreak" name="test_streak_returns_expected_fields" time="0.090" /><testcase classname="backend.tests.backend_test.TestStreak" name="test_streak_threshold_is_3" time="0.089" /><testcase classname="backend.tests.backend_test.TestStreak" name="test_today_qualifies_matches_score" time="0.091" /><testcase classname="backend.tests.backend_test.TestStreak" name="test_today_ships_matches_session_score" time="0.129" /><testcase classname="backend.tests.backend_test.TestStreak" name="test_current_streak_gte_1_when_today_qualifies" time="0.088" /><testcase classname="backend.tests.backend_test.TestStreak" name="test_best_ever_gte_current" time="0.092" /><testcase classname="backend.tests.backend_test.TestStreak" name="test_streak_refetches_after_ship" time="0.333" /></testsuite></testsuites>