<?xml version="1.0" encoding="utf-8"?><testsuites name="pytest tests"><testsuite name="pytest" errors="0" failures="0" skipped="0" tests="13" time="2.691" timestamp="2026-04-19T05:48:55.013400+00:00" hostname="agent-env-b8fee23f-2caf-4675-a12b-36378854021a"><testcase classname="backend.tests.backend_test.TestRoot" name="test_root_returns_zenith_message" time="0.297" /><testcase classname="backend.tests.backend_test.TestTasksCRUD" name="test_create_task_persists_and_returns_fields" time="0.176" /><testcase classname="backend.tests.backend_test.TestTasksCRUD" name="test_create_task_stone_volume_30" time="0.127" /><testcase classname="backend.tests.backend_test.TestTasksCRUD" name="test_create_task_sand_volume_5" time="0.125" /><testcase classname="backend.tests.backend_test.TestTasksCRUD" name="test_get_tasks_returns_list" time="0.093" /><testcase classname="backend.tests.backend_test.TestTasksCRUD" name="test_delete_task" time="0.209" /><testcase classname="backend.tests.backend_test.TestTasksCRUD" name="test_delete_nonexistent_returns_404" time="0.085" /><testcase classname="backend.tests.backend_test.TestJarCapacity" name="test_jar_overflow_returns_400" time="0.552" /><testcase classname="backend.tests.backend_test.TestShipTask" name="test_ship_updates_session_score_and_fuel" time="0.244" /><testcase classname="backend.tests.backend_test.TestShipTask" name="test_double_ship_returns_404" time="0.223" /><testcase classname="backend.tests.backend_test.TestSession" name="test_get_session_returns_structure" time="0.129" /><testcase classname="backend.tests.backend_test.TestSession" name="test_save_day_creates_replay" time="0.140" /><testcase classname="backend.tests.backend_test.TestReplays" name="test_get_replays_no_objectid" time="0.088" /></testsuite></testsuites>